#
# There is insufficient memory for the Java Runtime Environment to continue.
# Native memory allocation (malloc) failed to allocate 1278336 bytes for Chunk::new
# Possible reasons:
#   The system is out of physical RAM or swap space
#   In 32 bit mode, the process size limit was hit
# Possible solutions:
#   Reduce memory load on the system
#   Increase physical memory or swap space
#   Check if swap backing store is full
#   Use 64 bit Java on a 64 bit OS
#   Decrease Java heap size (-Xmx/-Xms)
#   Decrease number of Java threads
#   Decrease Java thread stack sizes (-Xss)
#   Set larger code cache with -XX:ReservedCodeCacheSize=
# This output file may be truncated or incomplete.
#
#  Out of Memory Error (allocation.cpp:390), pid=20628, tid=0x0000000000001dc0
#
# JRE version: OpenJDK Runtime Environment (8.0_152-b01) (build 1.8.0_152-release-1248-b01)
# Java VM: OpenJDK 64-Bit Server VM (25.152-b01 mixed mode windows-amd64 compressed oops)
# Failed to write core dump. Minidumps are not enabled by default on client versions of Windows
#

---------------  T H R E A D  ---------------

Current thread (0x000000001b5f9000):  JavaThread "C2 CompilerThread1" daemon [_thread_in_native, id=7616, stack(0x000000001bcf0000,0x000000001bdf0000)]

Stack: [0x000000001bcf0000,0x000000001bdf0000]
[error occurred during error reporting (printing stack bounds), id 0xc0000005]

Native frames: (J=compiled Java code, j=interpreted, Vv=VM code, C=native code)


Current CompileTask:
C2:   3785 1435   !   4       java.net.URLClassLoader$1::run (63 bytes)


---------------  P R O C E S S  ---------------

Java Threads: ( => current thread )
  0x000000001e85e800 JavaThread "Cache worker for file hash cache (D:\android\cogito\.gradle\4.6\fileHashes)" [_thread_blocked, id=22044, stack(0x000000001fa80000,0x000000001fb80000)]
  0x000000001d477000 JavaThread "File lock request listener" [_thread_in_native, id=28704, stack(0x000000001f830000,0x000000001f930000)]
  0x000000001d4d9800 JavaThread "Cache worker for file hash cache (C:\Users\10483\.gradle\caches\4.6\fileHashes)" [_thread_blocked, id=24412, stack(0x000000001f730000,0x000000001f830000)]
  0x000000001d1f7000 JavaThread "Stdin handler" [_thread_blocked, id=28180, stack(0x000000001e460000,0x000000001e560000)]
  0x000000001d1fa800 JavaThread "Asynchronous log dispatcher for DefaultDaemonConnection: socket connection from /127.0.0.1:11480 to /127.0.0.1:11481" [_thread_blocked, id=7068, stack(0x000000001e360000,0x000000001e460000)]
  0x000000001d1f8000 JavaThread "Daemon worker" [_thread_in_vm, id=14484, stack(0x000000001e260000,0x000000001e360000)]
  0x000000001d20b000 JavaThread "Cancel handler" [_thread_blocked, id=32676, stack(0x000000001e160000,0x000000001e260000)]
  0x000000001d1d9800 JavaThread "Handler for socket connection from /127.0.0.1:11480 to /127.0.0.1:11481" [_thread_in_native, id=8308, stack(0x000000001de60000,0x000000001df60000)]
  0x000000001d16e800 JavaThread "Daemon" [_thread_blocked, id=5008, stack(0x000000001dd60000,0x000000001de60000)]
  0x000000001d16b000 JavaThread "Daemon periodic checks" [_thread_blocked, id=28688, stack(0x000000001dc60000,0x000000001dd60000)]
  0x000000001d114800 JavaThread "Incoming local TCP Connector on port 11480" [_thread_in_native, id=17792, stack(0x000000001dac0000,0x000000001dbc0000)]
  0x000000001b68a800 JavaThread "Service Thread" daemon [_thread_blocked, id=30304, stack(0x000000001bef0000,0x000000001bff0000)]
  0x000000001b621800 JavaThread "C1 CompilerThread2" daemon [_thread_blocked, id=3764, stack(0x000000001bdf0000,0x000000001bef0000)]
=>0x000000001b5f9000 JavaThread "C2 CompilerThread1" daemon [_thread_in_native, id=7616, stack(0x000000001bcf0000,0x000000001bdf0000)]
  0x00000000185ae000 JavaThread "C2 CompilerThread0" daemon [_thread_in_native, id=30096, stack(0x000000001bbf0000,0x000000001bcf0000)]
  0x00000000185f8800 JavaThread "Attach Listener" daemon [_thread_blocked, id=23948, stack(0x000000001baf0000,0x000000001bbf0000)]
  0x000000001b5f8800 JavaThread "Signal Dispatcher" daemon [_thread_blocked, id=18616, stack(0x000000001b9f0000,0x000000001baf0000)]
  0x0000000018589800 JavaThread "Finalizer" daemon [_thread_blocked, id=27640, stack(0x0000000019800000,0x0000000019900000)]
  0x0000000004b8f800 JavaThread "Reference Handler" daemon [_thread_blocked, id=18792, stack(0x0000000019700000,0x0000000019800000)]
  0x0000000004c2e000 JavaThread "main" [_thread_blocked, id=11040, stack(0x0000000004640000,0x0000000004740000)]

Other Threads:
  0x0000000018567000 VMThread [stack: 0x0000000019600000,0x0000000019700000] [id=19392]
  0x000000001b68f800 WatcherThread [stack: 0x000000001bff0000,0x000000001c0f0000] [id=20976]

VM state:not at safepoint (normal execution)

VM Mutex/Monitor currently owned by a thread: None

Heap:
 PSYoungGen      total 76288K, used 59972K [0x00000000e0000000, 0x00000000e5500000, 0x0000000100000000)
  eden space 65536K, 79% used [0x00000000e0000000,0x00000000e32d25c8,0x00000000e4000000)
  from space 10752K, 73% used [0x00000000e4000000,0x00000000e47beac0,0x00000000e4a80000)
  to   space 10752K, 0% used [0x00000000e4a80000,0x00000000e4a80000,0x00000000e5500000)
 ParOldGen       total 175104K, used 16K [0x00000000a0000000, 0x00000000aab00000, 0x00000000e0000000)
  object space 175104K, 0% used [0x00000000a0000000,0x00000000a0004000,0x00000000aab00000)
 Metaspace       used 15634K, capacity 16062K, committed 16256K, reserved 1062912K
  class space    used 2208K, capacity 2345K, committed 2432K, reserved 1048576K

Card table byte_map: [0x0000000013ff0000,0x0000000014300000] byte_map_base: 0x0000000013af0000

Marking Bits: (ParMarkBitMap*) 0x0000000057665aa0
 Begin Bits: [0x0000000014900000, 0x0000000016100000)
 End Bits:   [0x0000000016100000, 0x0000000017900000)

Polling page: 0x0000000002f10000

CodeCache: size=245760Kb used=5088Kb max_used=5088Kb free=240671Kb
 bounds [0x0000000004c30000, 0x0000000005130000, 0x0000000013c30000]
 total_blobs=1819 nmethods=1446 adapters=287
 compilation: enabled

Compilation events (10 events):
Event: 3.735 Thread 0x000000001b621800 1444       3       java.lang.Class::arrayContentsEq (70 bytes)
Event: 3.735 Thread 0x000000001b621800 nmethod 1444 0x00000000051281d0 code [0x0000000005128360, 0x0000000005128790]
Event: 3.755 Thread 0x000000001b621800 1445       3       java.lang.reflect.Constructor::getParameterTypes (11 bytes)
Event: 3.755 Thread 0x000000001b621800 nmethod 1445 0x0000000005128910 code [0x0000000005128a80, 0x0000000005128d88]
Event: 3.756 Thread 0x000000001b621800 1446       3       org.objectweb.asm.ClassWriter::get (49 bytes)
Event: 3.756 Thread 0x000000001b621800 nmethod 1446 0x0000000005128e50 code [0x0000000005128fe0, 0x0000000005129368]
Event: 3.756 Thread 0x000000001b621800 1447       3       org.objectweb.asm.Item::set (219 bytes)
Event: 3.756 Thread 0x000000001b621800 nmethod 1447 0x0000000005129510 code [0x00000000051296c0, 0x0000000005129d78]
Event: 3.772 Thread 0x000000001b621800 1449   !   3       org.gradle.internal.service.DefaultServiceRegistry::getService (33 bytes)
Event: 3.772 Thread 0x000000001b621800 nmethod 1449 0x000000000512a050 code [0x000000000512a1e0, 0x000000000512a4d8]

GC Heap History (2 events):
Event: 2.789 GC heap before
{Heap before GC invocations=1 (full 0):
 PSYoungGen      total 76288K, used 65536K [0x00000000e0000000, 0x00000000e5500000, 0x0000000100000000)
  eden space 65536K, 100% used [0x00000000e0000000,0x00000000e4000000,0x00000000e4000000)
  from space 10752K, 0% used [0x00000000e4a80000,0x00000000e4a80000,0x00000000e5500000)
  to   space 10752K, 0% used [0x00000000e4000000,0x00000000e4000000,0x00000000e4a80000)
 ParOldGen       total 175104K, used 0K [0x00000000a0000000, 0x00000000aab00000, 0x00000000e0000000)
  object space 175104K, 0% used [0x00000000a0000000,0x00000000a0000000,0x00000000aab00000)
 Metaspace       used 10497K, capacity 10740K, committed 11008K, reserved 1058816K
  class space    used 1367K, capacity 1490K, committed 1536K, reserved 1048576K
Event: 2.806 GC heap after
Heap after GC invocations=1 (full 0):
 PSYoungGen      total 76288K, used 7930K [0x00000000e0000000, 0x00000000e5500000, 0x0000000100000000)
  eden space 65536K, 0% used [0x00000000e0000000,0x00000000e0000000,0x00000000e4000000)
  from space 10752K, 73% used [0x00000000e4000000,0x00000000e47beac0,0x00000000e4a80000)
  to   space 10752K, 0% used [0x00000000e4a80000,0x00000000e4a80000,0x00000000e5500000)
 ParOldGen       total 175104K, used 16K [0x00000000a0000000, 0x00000000aab00000, 0x00000000e0000000)
  object space 175104K, 0% used [0x00000000a0000000,0x00000000a0004000,0x00000000aab00000)
 Metaspace       used 10497K, capacity 10740K, committed 11008K, reserved 1058816K
  class space    used 1367K, capacity 1490K, committed 1536K, reserved 1048576K
}

Deoptimization events (10 events):
Event: 2.373 Thread 0x0000000004c2e000 Uncommon trap: reason=unstable_if action=reinterpret pc=0x0000000004edcbc4 method=java.io.WinNTFileSystem.normalize(Ljava/lang/String;)Ljava/lang/String; @ 128
Event: 2.373 Thread 0x0000000004c2e000 Uncommon trap: reason=unstable_if action=reinterpret pc=0x0000000004f5fb68 method=java.io.WinNTFileSystem.normalize(Ljava/lang/String;II)Ljava/lang/String; @ 90
Event: 2.900 Thread 0x000000001d1d9800 Uncommon trap: reason=unstable_if action=reinterpret pc=0x0000000005040ef0 method=java.util.concurrent.ConcurrentHashMap.putVal(Ljava/lang/Object;Ljava/lang/Object;Z)Ljava/lang/Object; @ 206
Event: 2.976 Thread 0x000000001d1f8000 Uncommon trap: reason=bimorphic action=maybe_recompile pc=0x0000000004f825d8 method=java.util.HashMap.putVal(ILjava/lang/Object;Ljava/lang/Object;ZZ)Ljava/lang/Object; @ 253
Event: 2.979 Thread 0x000000001d1f8000 Uncommon trap: reason=bimorphic action=maybe_recompile pc=0x0000000004f825d8 method=java.util.HashMap.putVal(ILjava/lang/Object;Ljava/lang/Object;ZZ)Ljava/lang/Object; @ 253
Event: 2.979 Thread 0x000000001d1f8000 Uncommon trap: reason=bimorphic action=maybe_recompile pc=0x0000000004f825d8 method=java.util.HashMap.putVal(ILjava/lang/Object;Ljava/lang/Object;ZZ)Ljava/lang/Object; @ 253
Event: 3.187 Thread 0x000000001d1f8000 Uncommon trap: reason=class_check action=maybe_recompile pc=0x0000000004eceb04 method=java.util.regex.Matcher.match(II)Z @ 86
Event: 3.187 Thread 0x000000001d1f8000 Uncommon trap: reason=class_check action=maybe_recompile pc=0x0000000004eceb04 method=java.util.regex.Matcher.match(II)Z @ 86
Event: 3.256 Thread 0x000000001d1f8000 Uncommon trap: reason=class_check action=maybe_recompile pc=0x0000000004ea999c method=java.util.regex.Matcher.match(II)Z @ 86
Event: 3.365 Thread 0x000000001d1f8000 Uncommon trap: reason=unstable_if action=reinterpret pc=0x00000000050c02b4 method=java.lang.String.lastIndexOf([CII[CIII)I @ 66

Classes redefined (0 events):
No events

Internal exceptions (10 events):
Event: 2.905 Thread 0x000000001d1d9800 Exception <a 'java/lang/NoSuchMethodError': <clinit>> (0x00000000e07a7630) thrown at [D:\src\AOSP-openjdk-cygwin\jdk8u\hotspot\src\share\vm\prims\jni.cpp, line 1613]
Event: 2.906 Thread 0x000000001d1d9800 Exception <a 'java/lang/NoSuchMethodError': <clinit>> (0x00000000e07b1c70) thrown at [D:\src\AOSP-openjdk-cygwin\jdk8u\hotspot\src\share\vm\prims\jni.cpp, line 1613]
Event: 2.914 Thread 0x000000001d1d9800 Exception <a 'java/lang/NoSuchMethodError': <clinit>> (0x00000000e081adf8) thrown at [D:\src\AOSP-openjdk-cygwin\jdk8u\hotspot\src\share\vm\prims\jni.cpp, line 1613]
Event: 2.917 Thread 0x000000001d1d9800 Exception <a 'java/lang/NoSuchMethodError': <clinit>> (0x00000000e084ac08) thrown at [D:\src\AOSP-openjdk-cygwin\jdk8u\hotspot\src\share\vm\prims\jni.cpp, line 1613]
Event: 2.922 Thread 0x000000001d1d9800 Exception <a 'java/lang/NoSuchMethodError': <clinit>> (0x00000000e0883f28) thrown at [D:\src\AOSP-openjdk-cygwin\jdk8u\hotspot\src\share\vm\prims\jni.cpp, line 1613]
Event: 2.922 Thread 0x000000001d1d9800 Exception <a 'java/lang/NoSuchMethodError': <clinit>> (0x00000000e088f2c8) thrown at [D:\src\AOSP-openjdk-cygwin\jdk8u\hotspot\src\share\vm\prims\jni.cpp, line 1613]
Event: 2.923 Thread 0x000000001d1d9800 Exception <a 'java/lang/NoSuchMethodError': <clinit>> (0x00000000e089ab70) thrown at [D:\src\AOSP-openjdk-cygwin\jdk8u\hotspot\src\share\vm\prims\jni.cpp, line 1613]
Event: 2.925 Thread 0x000000001d1d9800 Exception <a 'java/lang/NoSuchMethodError': <clinit>> (0x00000000e08bfa08) thrown at [D:\src\AOSP-openjdk-cygwin\jdk8u\hotspot\src\share\vm\prims\jni.cpp, line 1613]
Event: 2.968 Thread 0x000000001d1f8000 Exception <a 'java/lang/NoSuchMethodError': <clinit>> (0x00000000e09604d8) thrown at [D:\src\AOSP-openjdk-cygwin\jdk8u\hotspot\src\share\vm\prims\jni.cpp, line 1613]
Event: 2.969 Thread 0x000000001d1f8000 Exception <a 'java/lang/NoSuchMethodError': <clinit>> (0x00000000e0968950) thrown at [D:\src\AOSP-openjdk-cygwin\jdk8u\hotspot\src\share\vm\prims\jni.cpp, line 1613]

Events (10 events):
Event: 3.773 loading class org/gradle/api/provider/PropertyState
Event: 3.773 loading class org/gradle/api/provider/PropertyState done
Event: 3.773 loading class org/gradle/api/provider/Property
Event: 3.773 loading class org/gradle/api/provider/Property done
Event: 3.774 loading class org/gradle/internal/resource/transport/file/FileConnectorFactory
Event: 3.774 loading class org/gradle/internal/resource/transport/file/FileConnectorFactory done
Event: 3.774 loading class org/gradle/internal/resource/transport/http/DefaultSslContextFactory
Event: 3.774 loading class org/gradle/internal/resource/transport/http/DefaultSslContextFactory done
Event: 3.775 loading class org/gradle/internal/resource/transport/http/DefaultSslContextFactory$SslContextCacheLoader
Event: 3.775 loading class org/gradle/internal/resource/transport/http/DefaultSslContextFactory$SslContextCacheLoader done


Dynamic libraries:
0x00007ff7d3620000 - 0x00007ff7d3651000 	C:\android\Android Studio\jre\bin\java.exe
0x00007ffc09e00000 - 0x00007ffc09fe0000 	C:\WINDOWS\SYSTEM32\ntdll.dll
0x00007ffc08860000 - 0x00007ffc0890e000 	C:\WINDOWS\System32\KERNEL32.DLL
0x00007ffc06c70000 - 0x00007ffc06ed6000 	C:\WINDOWS\System32\KERNELBASE.dll
0x00007ffc08910000 - 0x00007ffc089b1000 	C:\WINDOWS\System32\ADVAPI32.dll
0x00007ffc098a0000 - 0x00007ffc0993d000 	C:\WINDOWS\System32\msvcrt.dll
0x00007ffc09b70000 - 0x00007ffc09bcb000 	C:\WINDOWS\System32\sechost.dll
0x00007ffc07300000 - 0x00007ffc0741f000 	C:\WINDOWS\System32\RPCRT4.dll
0x00007ffc09060000 - 0x00007ffc091ef000 	C:\WINDOWS\System32\USER32.dll
0x00007ffc06ff0000 - 0x00007ffc07010000 	C:\WINDOWS\System32\win32u.dll
0x00007ffc091f0000 - 0x00007ffc09218000 	C:\WINDOWS\System32\GDI32.dll
0x00007ffc06200000 - 0x00007ffc06393000 	C:\WINDOWS\System32\gdi32full.dll
0x00007ffc071e0000 - 0x00007ffc0727b000 	C:\WINDOWS\System32\msvcp_win.dll
0x00007ffc06af0000 - 0x00007ffc06be5000 	C:\WINDOWS\System32\ucrtbase.dll
0x00007ffbf7a60000 - 0x00007ffbf7cc9000 	C:\WINDOWS\WinSxS\amd64_microsoft.windows.common-controls_6595b64144ccf1df_6.0.16299.666_none_15ccd8c093611867\COMCTL32.dll
0x00007ffc08c00000 - 0x00007ffc08f07000 	C:\WINDOWS\System32\combase.dll
0x00007ffc06bf0000 - 0x00007ffc06c62000 	C:\WINDOWS\System32\bcryptPrimitives.dll
0x00007ffc089c0000 - 0x00007ffc089ed000 	C:\WINDOWS\System32\IMM32.DLL
0x00007ffc060e0000 - 0x00007ffc0614e000 	C:\WINDOWS\System32\dtrampo.dll
0x0000000056060000 - 0x0000000056132000 	C:\android\Android Studio\jre\jre\bin\msvcr100.dll
0x0000000056ea0000 - 0x00000000576e1000 	C:\android\Android Studio\jre\jre\bin\server\jvm.dll
0x00007ffc09670000 - 0x00007ffc09678000 	C:\WINDOWS\System32\PSAPI.DLL
0x00007ffbea6b0000 - 0x00007ffbea6b9000 	C:\WINDOWS\SYSTEM32\WSOCK32.dll
0x00007ffc099f0000 - 0x00007ffc09a5c000 	C:\WINDOWS\System32\WS2_32.dll
0x00007ffc03190000 - 0x00007ffc031b3000 	C:\WINDOWS\SYSTEM32\WINMM.dll
0x00007ffbff7f0000 - 0x00007ffbff7fa000 	C:\WINDOWS\SYSTEM32\VERSION.dll
0x00007ffc03130000 - 0x00007ffc0315a000 	C:\WINDOWS\SYSTEM32\WINMMBASE.dll
0x00007ffc07280000 - 0x00007ffc072ca000 	C:\WINDOWS\System32\cfgmgr32.dll
0x00007ffbd6230000 - 0x00007ffbd623f000 	C:\android\Android Studio\jre\jre\bin\verify.dll
0x00007ffbd4d30000 - 0x00007ffbd4d59000 	C:\android\Android Studio\jre\jre\bin\java.dll
0x00007ffbd4cd0000 - 0x00007ffbd4ce6000 	C:\android\Android Studio\jre\jre\bin\zip.dll
0x0000000019960000 - 0x000000001ad98000 	C:\WINDOWS\System32\SHELL32.dll
0x00007ffc09940000 - 0x00007ffc099e6000 	C:\WINDOWS\System32\shcore.dll
0x000000001ada0000 - 0x000000001b4e7000 	C:\WINDOWS\System32\windows.storage.dll
0x00007ffc09680000 - 0x00007ffc096d1000 	C:\WINDOWS\System32\shlwapi.dll
0x00007ffc061e0000 - 0x00007ffc061f1000 	C:\WINDOWS\System32\kernel.appcore.dll
0x00007ffc06190000 - 0x00007ffc061dc000 	C:\WINDOWS\System32\powrprof.dll
0x00007ffc06150000 - 0x00007ffc0616b000 	C:\WINDOWS\System32\profapi.dll
0x00007ffbcbd70000 - 0x00007ffbcbd8a000 	C:\android\Android Studio\jre\jre\bin\net.dll
0x00007ffc058f0000 - 0x00007ffc05956000 	C:\WINDOWS\system32\mswsock.dll
0x00007ffbc7d60000 - 0x00007ffbc7d71000 	C:\android\Android Studio\jre\jre\bin\nio.dll
0x00007ffbefba0000 - 0x00007ffbefbbe000 	C:\Users\10483\.gradle\native\25\windows-amd64\native-platform.dll
0x00007ffbcd940000 - 0x00007ffbcd94d000 	C:\android\Android Studio\jre\jre\bin\management.dll
0x00007ffc05ab0000 - 0x00007ffc05ac7000 	C:\WINDOWS\SYSTEM32\CRYPTSP.dll
0x00007ffc054f0000 - 0x00007ffc05523000 	C:\WINDOWS\system32\rsaenh.dll
0x00007ffc05bc0000 - 0x00007ffc05be5000 	C:\WINDOWS\SYSTEM32\bcrypt.dll
0x00007ffc06010000 - 0x00007ffc06039000 	C:\WINDOWS\SYSTEM32\USERENV.dll
0x00007ffc05ad0000 - 0x00007ffc05adb000 	C:\WINDOWS\SYSTEM32\CRYPTBASE.dll
0x00007ffc05680000 - 0x00007ffc056b9000 	C:\WINDOWS\SYSTEM32\IPHLPAPI.DLL
0x00007ffc096e0000 - 0x00007ffc096e8000 	C:\WINDOWS\System32\NSI.dll
0x00007ffc015f0000 - 0x00007ffc01606000 	C:\WINDOWS\SYSTEM32\dhcpcsvc6.DLL
0x00007ffc015d0000 - 0x00007ffc015ea000 	C:\WINDOWS\SYSTEM32\dhcpcsvc.DLL

VM Arguments:
jvm_args: -Xmx1536m -Dfile.encoding=GBK -Duser.country=CN -Duser.language=zh -Duser.variant 
java_command: org.gradle.launcher.daemon.bootstrap.GradleDaemon 4.6
java_class_path (initial): C:\Users\10483\.gradle\wrapper\dists\gradle-4.6-all\bcst21l2brirad8k2ben1letg\gradle-4.6\lib\gradle-launcher-4.6.jar
Launcher Type: SUN_STANDARD

Environment Variables:
JAVA_HOME=C:\jdk
PATH=C:\Program Files (x86)\Common Files\Oracle\Java\javapath;C:\ProgramData\Oracle\Java\javapath;C:\windows\system32;C:\windows;C:\windows\System32\Wbem;C:\windows\System32\WindowsPowerShell\v1.0\;C:\java\bin;C:\WINDOWS\system32;C:\WINDOWS;C:\WINDOWS\System32\Wbem;C:\WINDOWS\System32\WindowsPowerShell\v1.0\;C:\Python27;C:\Python27\Scripts;C:\Python27\Lib\site-packages\nmap;C:\Python27\Lib\site-packages\django\bin;C:\Program Files\MySQL\MySQL Utilities 1.6\;C:\Program Files\Microsoft SQL Server\Client SDK\ODBC\110\Tools\Binn\;C:\Program Files (x86)\Microsoft SQL Server\120\Tools\Binn\;C:\Program Files\Microsoft SQL Server\120\Tools\Binn\;C:\Program Files\Microsoft SQL Server\120\DTS\Binn\;C:\Program Files (x86)\Windows Kits\8.1\Windows Performance Toolkit\;C:\Apache-Subversion-1.9.5\bin;C:\android\sdk\platform-tools;C:\Program Files (x86)\NVIDIA Corporation\PhysX\Common;C:\Program Files\NVIDIA Corporation\NVIDIA NvDLISR;"C:\jdk\bin;C:\jdk\jre\bin";C:\maven\maven\bin\;C:\flutter\bin;C:\Program Files (x86)\Git\bin;C:\Program Files (x86)\Git\mingw64\libexec\git-core;C:\flutter\bin;C:\Program Files\Bandizip\
USERNAME=10483
OS=Windows_NT
PROCESSOR_IDENTIFIER=Intel64 Family 6 Model 158 Stepping 9, GenuineIntel



---------------  S Y S T E M  ---------------

OS: Windows 10.0 , 64 bit Build 16299 (10.0.16299.431)

CPU:total 4 (initial active 4) (4 cores per cpu, 1 threads per core) family 6 model 158 stepping 9, cmov, cx8, fxsr, mmx, sse, sse2, sse3, ssse3, sse4.1, sse4.2, popcnt, avx, avx2, aes, clmul, erms, rtm, 3dnowpref, lzcnt, tsc, tscinvbit, bmi1, bmi2, adx

Memory: 4k page, physical 16667412k(4705580k free), swap 32296380k(5596k free)

vm_info: OpenJDK 64-Bit Server VM (25.152-b01) for windows-amd64 JRE (1.8.0_152-release-1248-b01), built by "builder" with MS VC++ 10.0 (VS2010)

time: Sat Jul 13 14:10:11 2019
elapsed time: 3 seconds (0d 0h 0m 3s)

