#
# There is insufficient memory for the Java Runtime Environment to continue.
# Native memory allocation (malloc) failed to allocate 32744 bytes for ChunkPool::allocate
# Possible reasons:
#   The system is out of physical RAM or swap space
#   In 32 bit mode, the process size limit was hit
# Possible solutions:
#   Reduce memory load on the system
#   Increase physical memory or swap space
#   Check if swap backing store is full
#   Use 64 bit Java on a 64 bit OS
#   Decrease Java heap size (-Xmx/-Xms)
#   Decrease number of Java threads
#   Decrease Java thread stack sizes (-Xss)
#   Set larger code cache with -XX:ReservedCodeCacheSize=
# This output file may be truncated or incomplete.
#
#  Out of Memory Error (allocation.cpp:273), pid=12800, tid=0x0000000000001278
#
# JRE version: OpenJDK Runtime Environment (8.0_152-b01) (build 1.8.0_152-release-1248-b01)
# Java VM: OpenJDK 64-Bit Server VM (25.152-b01 mixed mode windows-amd64 compressed oops)
# Failed to write core dump. Minidumps are not enabled by default on client versions of Windows
#

---------------  T H R E A D  ---------------

Current thread (0x000000001d94c800):  JavaThread "Daemon worker" [_thread_in_vm, id=4728, stack(0x000000001e9a0000,0x000000001eaa0000)]

Stack: [0x000000001e9a0000,0x000000001eaa0000]
[error occurred during error reporting (printing stack bounds), id 0xc0000005]

Native frames: (J=compiled Java code, j=interpreted, Vv=VM code, C=native code)

Java frames: (J=compiled Java code, j=interpreted, Vv=VM code)
J 369  java.lang.Throwable.fillInStackTrace(I)Ljava/lang/Throwable; (0 bytes) @ 0x00000000054dccbb [0x00000000054dcc80+0x3b]
J 371 C1 java.lang.Throwable.<init>(Ljava/lang/String;Ljava/lang/Throwable;)V (39 bytes) @ 0x00000000054e9ba4 [0x00000000054e9860+0x344]
J 301 C1 java.lang.ReflectiveOperationException.<init>(Ljava/lang/String;Ljava/lang/Throwable;)V (7 bytes) @ 0x00000000054c7084 [0x00000000054c6fc0+0xc4]
J 1334 C2 java.net.URLClassLoader.findClass(Ljava/lang/String;)Ljava/lang/Class; (47 bytes) @ 0x00000000057ba4ec [0x00000000057ba3e0+0x10c]
J 1293 C2 java.lang.ClassLoader.loadClass(Ljava/lang/String;Z)Ljava/lang/Class; (122 bytes) @ 0x00000000057ae644 [0x00000000057ad640+0x1004]
J 1293 C2 java.lang.ClassLoader.loadClass(Ljava/lang/String;Z)Ljava/lang/Class; (122 bytes) @ 0x00000000057ae258 [0x00000000057ad640+0xc18]
J 297 C1 java.lang.ClassLoader.loadClass(Ljava/lang/String;)Ljava/lang/Class; (7 bytes) @ 0x00000000054c524c [0x00000000054c5140+0x10c]
v  ~StubRoutines::call_stub
j  org.gradle.cache.internal.DefaultCacheFactory.doOpen(Ljava/io/File;Ljava/lang/String;Lorg/gradle/cache/CacheValidator;Ljava/util/Map;Lorg/gradle/cache/CacheBuilder$LockTarget;Lorg/gradle/cache/LockOptions;Lorg/gradle/api/Action;Lorg/gradle/cache/CleanupAction;)Lorg/gradle/cache/PersistentCache;+117
j  org.gradle.cache.internal.DefaultCacheFactory.open(Ljava/io/File;Ljava/lang/String;Lorg/gradle/cache/CacheValidator;Ljava/util/Map;Lorg/gradle/cache/CacheBuilder$LockTarget;Lorg/gradle/cache/LockOptions;Lorg/gradle/api/Action;Lorg/gradle/cache/CleanupAction;)Lorg/gradle/cache/PersistentCache;+23
j  org.gradle.cache.internal.DefaultCacheRepository$PersistentCacheBuilder.open()Lorg/gradle/cache/PersistentCache;+76
j  org.gradle.api.internal.changedetection.state.CrossBuildFileHashCache.<init>(Ljava/io/File;Lorg/gradle/cache/CacheRepository;Lorg/gradle/api/internal/changedetection/state/InMemoryCacheDecoratorFactory;)V+54
j  org.gradle.internal.service.scopes.GradleUserHomeScopeServices.createCrossBuildFileHashCache(Lorg/gradle/cache/CacheRepository;Lorg/gradle/api/internal/changedetection/state/InMemoryCacheDecoratorFactory;)Lorg/gradle/api/internal/changedetection/state/CrossBuildFileHashCache;+7
v  ~StubRoutines::call_stub
j  sun.reflect.NativeMethodAccessorImpl.invoke0(Ljava/lang/reflect/Method;Ljava/lang/Object;[Ljava/lang/Object;)Ljava/lang/Object;+0
j  sun.reflect.NativeMethodAccessorImpl.invoke(Ljava/lang/Object;[Ljava/lang/Object;)Ljava/lang/Object;+100
J 1012 C1 sun.reflect.DelegatingMethodAccessorImpl.invoke(Ljava/lang/Object;[Ljava/lang/Object;)Ljava/lang/Object; (10 bytes) @ 0x00000000056df984 [0x00000000056df880+0x104]
J 1011 C1 java.lang.reflect.Method.invoke(Ljava/lang/Object;[Ljava/lang/Object;)Ljava/lang/Object; (62 bytes) @ 0x00000000056e012c [0x00000000056dfd40+0x3ec]
j  org.gradle.internal.reflect.JavaMethod.invoke(Ljava/lang/Object;[Ljava/lang/Object;)Ljava/lang/Object;+6
j  org.gradle.internal.service.ReflectionBasedServiceMethod.invoke(Ljava/lang/Object;[Ljava/lang/Object;)Ljava/lang/Object;+6
j  org.gradle.internal.service.DefaultServiceRegistry$FactoryMethodService.invokeMethod([Ljava/lang/Object;)Ljava/lang/Object;+9
j  org.gradle.internal.service.DefaultServiceRegistry$FactoryService.create()Ljava/lang/Object;+7
j  org.gradle.internal.service.DefaultServiceRegistry$ManagedObjectServiceProvider.getInstance()Ljava/lang/Object;+24
j  org.gradle.internal.service.DefaultServiceRegistry$SingletonService.get()Ljava/lang/Object;+1
j  org.gradle.internal.service.DefaultServiceRegistry$FactoryService.assembleParameters()[Ljava/lang/Object;+44
j  org.gradle.internal.service.DefaultServiceRegistry$FactoryService.create()Ljava/lang/Object;+1
j  org.gradle.internal.service.DefaultServiceRegistry$ManagedObjectServiceProvider.getInstance()Ljava/lang/Object;+24
j  org.gradle.internal.service.DefaultServiceRegistry$SingletonService.get()Ljava/lang/Object;+1
j  org.gradle.internal.service.DefaultServiceRegistry$FactoryService.assembleParameters()[Ljava/lang/Object;+44
j  org.gradle.internal.service.DefaultServiceRegistry$FactoryService.create()Ljava/lang/Object;+1
j  org.gradle.internal.service.DefaultServiceRegistry$ManagedObjectServiceProvider.getInstance()Ljava/lang/Object;+24
j  org.gradle.internal.service.DefaultServiceRegistry$SingletonService.get()Ljava/lang/Object;+1
j  org.gradle.internal.service.DefaultServiceRegistry$FactoryService.assembleParameters()[Ljava/lang/Object;+44
j  org.gradle.internal.service.DefaultServiceRegistry$FactoryService.create()Ljava/lang/Object;+1
j  org.gradle.internal.service.DefaultServiceRegistry$ManagedObjectServiceProvider.getInstance()Ljava/lang/Object;+24
j  org.gradle.internal.service.DefaultServiceRegistry$SingletonService.get()Ljava/lang/Object;+1
j  org.gradle.internal.service.DefaultServiceRegistry$FactoryService.assembleParameters()[Ljava/lang/Object;+44
j  org.gradle.internal.service.DefaultServiceRegistry$FactoryService.create()Ljava/lang/Object;+1
j  org.gradle.internal.service.DefaultServiceRegistry$ManagedObjectServiceProvider.getInstance()Ljava/lang/Object;+24
j  org.gradle.internal.service.DefaultServiceRegistry$SingletonService.get()Ljava/lang/Object;+1
j  org.gradle.internal.service.DefaultServiceRegistry$FactoryService.assembleParameters()[Ljava/lang/Object;+44
j  org.gradle.internal.service.DefaultServiceRegistry$FactoryService.create()Ljava/lang/Object;+1
j  org.gradle.internal.service.DefaultServiceRegistry$ManagedObjectServiceProvider.getInstance()Ljava/lang/Object;+24
j  org.gradle.internal.service.DefaultServiceRegistry$SingletonService.get()Ljava/lang/Object;+1
j  org.gradle.internal.service.DefaultServiceRegistry.get(Ljava/lang/reflect/Type;)Ljava/lang/Object;+22
j  org.gradle.internal.service.DefaultServiceRegistry.get(Ljava/lang/Class;)Ljava/lang/Object;+3
j  org.gradle.internal.service.scopes.BuildScopeServices.defaultScriptPluginFactory()Lorg/gradle/configuration/DefaultScriptPluginFactory;+8
j  org.gradle.internal.service.scopes.BuildScopeServices.createScriptPluginFactory(Lorg/gradle/api/internal/InstantiatorFactory;Lorg/gradle/internal/operations/BuildOperationExecutor;)Lorg/gradle/configuration/ScriptPluginFactory;+1
v  ~StubRoutines::call_stub
j  sun.reflect.NativeMethodAccessorImpl.invoke0(Ljava/lang/reflect/Method;Ljava/lang/Object;[Ljava/lang/Object;)Ljava/lang/Object;+0
j  sun.reflect.NativeMethodAccessorImpl.invoke(Ljava/lang/Object;[Ljava/lang/Object;)Ljava/lang/Object;+100
J 1012 C1 sun.reflect.DelegatingMethodAccessorImpl.invoke(Ljava/lang/Object;[Ljava/lang/Object;)Ljava/lang/Object; (10 bytes) @ 0x00000000056df984 [0x00000000056df880+0x104]
J 1011 C1 java.lang.reflect.Method.invoke(Ljava/lang/Object;[Ljava/lang/Object;)Ljava/lang/Object; (62 bytes) @ 0x00000000056e012c [0x00000000056dfd40+0x3ec]
j  org.gradle.internal.reflect.JavaMethod.invoke(Ljava/lang/Object;[Ljava/lang/Object;)Ljava/lang/Object;+6
j  org.gradle.internal.service.ReflectionBasedServiceMethod.invoke(Ljava/lang/Object;[Ljava/lang/Object;)Ljava/lang/Object;+6
j  org.gradle.internal.service.DefaultServiceRegistry$FactoryMethodService.invokeMethod([Ljava/lang/Object;)Ljava/lang/Object;+9
j  org.gradle.internal.service.DefaultServiceRegistry$FactoryService.create()Ljava/lang/Object;+7
j  org.gradle.internal.service.DefaultServiceRegistry$ManagedObjectServiceProvider.getInstance()Ljava/lang/Object;+24
j  org.gradle.internal.service.DefaultServiceRegistry$SingletonService.get()Ljava/lang/Object;+1
j  org.gradle.internal.service.DefaultServiceRegistry$FactoryService.assembleParameters()[Ljava/lang/Object;+44
j  org.gradle.internal.service.DefaultServiceRegistry$FactoryService.create()Ljava/lang/Object;+1
j  org.gradle.internal.service.DefaultServiceRegistry$ManagedObjectServiceProvider.getInstance()Ljava/lang/Object;+24
j  org.gradle.internal.service.DefaultServiceRegistry$SingletonService.get()Ljava/lang/Object;+1
j  org.gradle.internal.service.DefaultServiceRegistry$FactoryService.assembleParameters()[Ljava/lang/Object;+44
j  org.gradle.internal.service.DefaultServiceRegistry$FactoryService.create()Ljava/lang/Object;+1
j  org.gradle.internal.service.DefaultServiceRegistry$ManagedObjectServiceProvider.getInstance()Ljava/lang/Object;+24
j  org.gradle.internal.service.DefaultServiceRegistry$SingletonService.get()Ljava/lang/Object;+1
j  org.gradle.internal.service.DefaultServiceRegistry.get(Ljava/lang/reflect/Type;)Ljava/lang/Object;+22
j  org.gradle.internal.service.DefaultServiceRegistry.get(Ljava/lang/Class;)Ljava/lang/Object;+3
j  org.gradle.initialization.DefaultGradleLauncherFactory.doNewInstance(Lorg/gradle/api/internal/BuildDefinition;Lorg/gradle/initialization/GradleLauncher;Lorg/gradle/initialization/BuildCancellationToken;Lorg/gradle/initialization/BuildRequestMetaData;Lorg/gradle/initialization/BuildEventConsumer;Lorg/gradle/internal/service/scopes/BuildTreeScopeServices;Ljava/util/List;)Lorg/gradle/initialization/DefaultGradleLauncher;+398
j  org.gradle.initialization.DefaultGradleLauncherFactory.newInstance(Lorg/gradle/StartParameter;Lorg/gradle/initialization/BuildRequestContext;Lorg/gradle/internal/service/ServiceRegistry;)Lorg/gradle/initialization/GradleLauncher;+76
j  org.gradle.launcher.exec.InProcessBuildActionExecuter.execute(Lorg/gradle/internal/invocation/BuildAction;Lorg/gradle/initialization/BuildRequestContext;Lorg/gradle/launcher/exec/BuildActionParameters;Lorg/gradle/internal/service/ServiceRegistry;)Ljava/lang/Object;+13
j  org.gradle.launcher.exec.InProcessBuildActionExecuter.execute(Lorg/gradle/internal/invocation/BuildAction;Lorg/gradle/initialization/BuildRequestContext;Ljava/lang/Object;Lorg/gradle/internal/service/ServiceRegistry;)Ljava/lang/Object;+9
j  org.gradle.launcher.exec.BuildTreeScopeBuildActionExecuter.execute(Lorg/gradle/internal/invocation/BuildAction;Lorg/gradle/initialization/BuildRequestContext;Lorg/gradle/launcher/exec/BuildActionParameters;Lorg/gradle/internal/service/ServiceRegistry;)Ljava/lang/Object;+38
j  org.gradle.launcher.exec.BuildTreeScopeBuildActionExecuter.execute(Lorg/gradle/internal/invocation/BuildAction;Lorg/gradle/initialization/BuildRequestContext;Ljava/lang/Object;Lorg/gradle/internal/service/ServiceRegistry;)Ljava/lang/Object;+9
j  org.gradle.tooling.internal.provider.ContinuousBuildActionExecuter.execute(Lorg/gradle/internal/invocation/BuildAction;Lorg/gradle/initialization/BuildRequestContext;Lorg/gradle/launcher/exec/BuildActionParameters;Lorg/gradle/internal/service/ServiceRegistry;)Ljava/lang/Object;+63
j  org.gradle.tooling.internal.provider.ContinuousBuildActionExecuter.execute(Lorg/gradle/internal/invocation/BuildAction;Lorg/gradle/initialization/BuildRequestContext;Ljava/lang/Object;Lorg/gradle/internal/service/ServiceRegistry;)Ljava/lang/Object;+9
j  org.gradle.tooling.internal.provider.ServicesSetupBuildActionExecuter.execute(Lorg/gradle/internal/invocation/BuildAction;Lorg/gradle/initialization/BuildRequestContext;Lorg/gradle/launcher/exec/BuildActionParameters;Lorg/gradle/internal/service/ServiceRegistry;)Ljava/lang/Object;+86
j  org.gradle.tooling.internal.provider.ServicesSetupBuildActionExecuter.execute(Lorg/gradle/internal/invocation/BuildAction;Lorg/gradle/initialization/BuildRequestContext;Ljava/lang/Object;Lorg/gradle/internal/service/ServiceRegistry;)Ljava/lang/Object;+9
j  org.gradle.tooling.internal.provider.GradleThreadBuildActionExecuter.execute(Lorg/gradle/internal/invocation/BuildAction;Lorg/gradle/initialization/BuildRequestContext;Lorg/gradle/launcher/exec/BuildActionParameters;Lorg/gradle/internal/service/ServiceRegistry;)Ljava/lang/Object;+12
j  org.gradle.tooling.internal.provider.GradleThreadBuildActionExecuter.execute(Lorg/gradle/internal/invocation/BuildAction;Lorg/gradle/initialization/BuildRequestContext;Ljava/lang/Object;Lorg/gradle/internal/service/ServiceRegistry;)Ljava/lang/Object;+9
j  org.gradle.tooling.internal.provider.ParallelismConfigurationBuildActionExecuter.execute(Lorg/gradle/internal/invocation/BuildAction;Lorg/gradle/initialization/BuildRequestContext;Lorg/gradle/launcher/exec/BuildActionParameters;Lorg/gradle/internal/service/ServiceRegistry;)Ljava/lang/Object;+43
j  org.gradle.tooling.internal.provider.ParallelismConfigurationBuildActionExecuter.execute(Lorg/gradle/internal/invocation/BuildAction;Lorg/gradle/initialization/BuildRequestContext;Ljava/lang/Object;Lorg/gradle/internal/service/ServiceRegistry;)Ljava/lang/Object;+9
j  org.gradle.tooling.internal.provider.StartParamsValidatingActionExecuter.execute(Lorg/gradle/internal/invocation/BuildAction;Lorg/gradle/initialization/BuildRequestContext;Lorg/gradle/launcher/exec/BuildActionParameters;Lorg/gradle/internal/service/ServiceRegistry;)Ljava/lang/Object;+257
j  org.gradle.tooling.internal.provider.StartParamsValidatingActionExecuter.execute(Lorg/gradle/internal/invocation/BuildAction;Lorg/gradle/initialization/BuildRequestContext;Ljava/lang/Object;Lorg/gradle/internal/service/ServiceRegistry;)Ljava/lang/Object;+9
j  org.gradle.tooling.internal.provider.SessionFailureReportingActionExecuter.execute(Lorg/gradle/internal/invocation/BuildAction;Lorg/gradle/initialization/BuildRequestContext;Lorg/gradle/launcher/exec/BuildActionParameters;Lorg/gradle/internal/service/ServiceRegistry;)Ljava/lang/Object;+9
j  org.gradle.tooling.internal.provider.SessionFailureReportingActionExecuter.execute(Lorg/gradle/internal/invocation/BuildAction;Lorg/gradle/initialization/BuildRequestContext;Ljava/lang/Object;Lorg/gradle/internal/service/ServiceRegistry;)Ljava/lang/Object;+9
j  org.gradle.tooling.internal.provider.SetupLoggingActionExecuter.execute(Lorg/gradle/internal/invocation/BuildAction;Lorg/gradle/initialization/BuildRequestContext;Lorg/gradle/launcher/exec/BuildActionParameters;Lorg/gradle/internal/service/ServiceRegistry;)Ljava/lang/Object;+42
j  org.gradle.tooling.internal.provider.SetupLoggingActionExecuter.execute(Lorg/gradle/internal/invocation/BuildAction;Lorg/gradle/initialization/BuildRequestContext;Ljava/lang/Object;Lorg/gradle/internal/service/ServiceRegistry;)Ljava/lang/Object;+9
j  org.gradle.launcher.daemon.server.exec.ExecuteBuild.doBuild(Lorg/gradle/launcher/daemon/server/api/DaemonCommandExecution;Lorg/gradle/launcher/daemon/protocol/Build;)V+114
j  org.gradle.launcher.daemon.server.exec.BuildCommandOnly.execute(Lorg/gradle/launcher/daemon/server/api/DaemonCommandExecution;)V+49
j  org.gradle.launcher.daemon.server.api.DaemonCommandExecution.proceed()Z+28
j  org.gradle.launcher.daemon.server.exec.WatchForDisconnection.execute(Lorg/gradle/launcher/daemon/server/api/DaemonCommandExecution;)V+19
j  org.gradle.launcher.daemon.server.api.DaemonCommandExecution.proceed()Z+28
j  org.gradle.launcher.daemon.server.exec.ResetDeprecationLogger.execute(Lorg/gradle/launcher/daemon/server/api/DaemonCommandExecution;)V+4
j  org.gradle.launcher.daemon.server.api.DaemonCommandExecution.proceed()Z+28
j  org.gradle.launcher.daemon.server.exec.RequestStopIfSingleUsedDaemon.execute(Lorg/gradle/launcher/daemon/server/api/DaemonCommandExecution;)V+33
j  org.gradle.launcher.daemon.server.api.DaemonCommandExecution.proceed()Z+28
j  org.gradle.launcher.daemon.server.exec.ForwardClientInput$2.call()Ljava/lang/Void;+4
j  org.gradle.launcher.daemon.server.exec.ForwardClientInput$2.call()Ljava/lang/Object;+1
j  org.gradle.util.Swapper.swap(Ljava/lang/Object;Ljava/util/concurrent/Callable;)Ljava/lang/Object;+21
j  org.gradle.launcher.daemon.server.exec.ForwardClientInput.execute(Lorg/gradle/launcher/daemon/server/api/DaemonCommandExecution;)V+63
j  org.gradle.launcher.daemon.server.api.DaemonCommandExecution.proceed()Z+28
j  org.gradle.launcher.daemon.server.exec.LogAndCheckHealth.execute(Lorg/gradle/launcher/daemon/server/api/DaemonCommandExecution;)V+28
j  org.gradle.launcher.daemon.server.api.DaemonCommandExecution.proceed()Z+28
j  org.gradle.launcher.daemon.server.exec.LogToClient.doBuild(Lorg/gradle/launcher/daemon/server/api/DaemonCommandExecution;Lorg/gradle/launcher/daemon/protocol/Build;)V+87
j  org.gradle.launcher.daemon.server.exec.BuildCommandOnly.execute(Lorg/gradle/launcher/daemon/server/api/DaemonCommandExecution;)V+49
j  org.gradle.launcher.daemon.server.api.DaemonCommandExecution.proceed()Z+28
j  org.gradle.launcher.daemon.server.exec.EstablishBuildEnvironment.doBuild(Lorg/gradle/launcher/daemon/server/api/DaemonCommandExecution;Lorg/gradle/launcher/daemon/protocol/Build;)V+365
j  org.gradle.launcher.daemon.server.exec.BuildCommandOnly.execute(Lorg/gradle/launcher/daemon/server/api/DaemonCommandExecution;)V+49
j  org.gradle.launcher.daemon.server.api.DaemonCommandExecution.proceed()Z+28
j  org.gradle.launcher.daemon.server.exec.StartBuildOrRespondWithBusy$1.run()V+44
j  org.gradle.launcher.daemon.server.DaemonStateCoordinator$1.run()V+4
j  org.gradle.internal.concurrent.ExecutorPolicy$CatchAndRecordFailures.onExecute(Ljava/lang/Runnable;)V+1
j  org.gradle.internal.concurrent.ManagedExecutorImpl$1.run()V+25
j  java.util.concurrent.ThreadPoolExecutor.runWorker(Ljava/util/concurrent/ThreadPoolExecutor$Worker;)V+95
j  java.util.concurrent.ThreadPoolExecutor$Worker.run()V+5
j  org.gradle.internal.concurrent.ThreadFactoryImpl$ManagedThreadRunnable.run()V+7
j  java.lang.Thread.run()V+11
v  ~StubRoutines::call_stub

---------------  P R O C E S S  ---------------

Java Threads: ( => current thread )
  0x000000001d93b000 JavaThread "Stdin handler" [_thread_blocked, id=19248, stack(0x000000001eba0000,0x000000001eca0000)]
  0x000000001d931800 JavaThread "Asynchronous log dispatcher for DefaultDaemonConnection: socket connection from /127.0.0.1:11439 to /127.0.0.1:11440" [_thread_blocked, id=19384, stack(0x000000001eaa0000,0x000000001eba0000)]
=>0x000000001d94c800 JavaThread "Daemon worker" [_thread_in_vm, id=4728, stack(0x000000001e9a0000,0x000000001eaa0000)]
  0x000000001d94b800 JavaThread "Cancel handler" [_thread_blocked, id=20204, stack(0x000000001e8a0000,0x000000001e9a0000)]
  0x000000001d916800 JavaThread "Handler for socket connection from /127.0.0.1:11439 to /127.0.0.1:11440" [_thread_in_native, id=15616, stack(0x000000001e5a0000,0x000000001e6a0000)]
  0x000000001d913000 JavaThread "Daemon" [_thread_blocked, id=24312, stack(0x000000001e4a0000,0x000000001e5a0000)]
  0x000000001d8b2800 JavaThread "Daemon periodic checks" [_thread_blocked, id=24280, stack(0x000000001e3a0000,0x000000001e4a0000)]
  0x000000001d89f000 JavaThread "Incoming local TCP Connector on port 11439" [_thread_in_native, id=24260, stack(0x000000001e200000,0x000000001e300000)]
  0x000000001bd95800 JavaThread "Service Thread" daemon [_thread_blocked, id=18364, stack(0x000000001c610000,0x000000001c710000)]
  0x000000001bd36000 JavaThread "C1 CompilerThread2" daemon [_thread_blocked, id=24104, stack(0x000000001c510000,0x000000001c610000)]
  0x000000001bd1a000 JavaThread "C2 CompilerThread1" daemon [_thread_in_native, id=19056, stack(0x000000001c410000,0x000000001c510000)]
  0x0000000018cbd800 JavaThread "C2 CompilerThread0" daemon [_thread_blocked, id=3504, stack(0x000000001c310000,0x000000001c410000)]
  0x0000000018d09800 JavaThread "Attach Listener" daemon [_thread_blocked, id=17660, stack(0x000000001c210000,0x000000001c310000)]
  0x000000001bd18800 JavaThread "Signal Dispatcher" daemon [_thread_blocked, id=30224, stack(0x000000001c110000,0x000000001c210000)]
  0x0000000018c99800 JavaThread "Finalizer" daemon [_thread_blocked, id=19108, stack(0x0000000019f20000,0x000000001a020000)]
  0x000000000530f800 JavaThread "Reference Handler" daemon [_thread_blocked, id=20248, stack(0x0000000019e20000,0x0000000019f20000)]
  0x000000000521e000 JavaThread "main" [_thread_blocked, id=12952, stack(0x00000000050e0000,0x00000000051e0000)]

Other Threads:
  0x0000000018c77000 VMThread [stack: 0x0000000019d20000,0x0000000019e20000] [id=2012]
  0x000000001bd96800 WatcherThread [stack: 0x000000001c710000,0x000000001c810000] [id=15988]

VM state:not at safepoint (normal execution)

VM Mutex/Monitor currently owned by a thread: None

Heap:
 PSYoungGen      total 76288K, used 45312K [0x00000000e0000000, 0x00000000e5500000, 0x0000000100000000)
  eden space 65536K, 57% used [0x00000000e0000000,0x00000000e2483cc0,0x00000000e4000000)
  from space 10752K, 73% used [0x00000000e4000000,0x00000000e47bc670,0x00000000e4a80000)
  to   space 10752K, 0% used [0x00000000e4a80000,0x00000000e4a80000,0x00000000e5500000)
 ParOldGen       total 175104K, used 16K [0x00000000a0000000, 0x00000000aab00000, 0x00000000e0000000)
  object space 175104K, 0% used [0x00000000a0000000,0x00000000a0004000,0x00000000aab00000)
 Metaspace       used 14057K, capacity 14398K, committed 14720K, reserved 1062912K
  class space    used 1955K, capacity 2089K, committed 2176K, reserved 1048576K

Card table byte_map: [0x00000000146e0000,0x00000000149f0000] byte_map_base: 0x00000000141e0000

Marking Bits: (ParMarkBitMap*) 0x0000000057665aa0
 Begin Bits: [0x0000000014ff0000, 0x00000000167f0000)
 End Bits:   [0x00000000167f0000, 0x0000000017ff0000)

Polling page: 0x00000000035b0000

CodeCache: size=245760Kb used=4716Kb max_used=4716Kb free=241043Kb
 bounds [0x0000000005320000, 0x00000000057d0000, 0x0000000014320000]
 total_blobs=1704 nmethods=1337 adapters=281
 compilation: enabled

Compilation events (10 events):
Event: 4.692 Thread 0x000000001bd1a000 nmethod 1333 0x00000000057bc110 code [0x00000000057bc280, 0x00000000057bc5f8]
Event: 4.708 Thread 0x0000000018cbd800 1334   !   4       java.net.URLClassLoader::findClass (47 bytes)
Event: 4.710 Thread 0x0000000018cbd800 nmethod 1334 0x00000000057ba250 code [0x00000000057ba3e0, 0x00000000057ba5d8]
Event: 4.741 Thread 0x000000001bd36000 1335       3       java.util.Collections::emptyList (4 bytes)
Event: 4.741 Thread 0x000000001bd36000 nmethod 1335 0x00000000057b9c50 code [0x00000000057b9da0, 0x00000000057b9ed0]
Event: 4.741 Thread 0x000000001bd36000 1336       3       org.gradle.internal.service.DefaultServiceRegistry$OwnServices::getProviders (26 bytes)
Event: 4.741 Thread 0x000000001bd36000 nmethod 1336 0x00000000057b95d0 code [0x00000000057b9760, 0x00000000057b9b28]
Event: 4.741 Thread 0x000000001bd36000 1337       3       org.gradle.internal.service.DefaultServiceRegistry::find (151 bytes)
Event: 4.742 Thread 0x000000001bd36000 nmethod 1337 0x00000000057be010 code [0x00000000057be360, 0x00000000057bff38]
Event: 4.752 Thread 0x000000001bd1a000 1338       4       java.net.URLClassLoader$1::run (5 bytes)

GC Heap History (2 events):
Event: 3.940 GC heap before
{Heap before GC invocations=1 (full 0):
 PSYoungGen      total 76288K, used 65536K [0x00000000e0000000, 0x00000000e5500000, 0x0000000100000000)
  eden space 65536K, 100% used [0x00000000e0000000,0x00000000e4000000,0x00000000e4000000)
  from space 10752K, 0% used [0x00000000e4a80000,0x00000000e4a80000,0x00000000e5500000)
  to   space 10752K, 0% used [0x00000000e4000000,0x00000000e4000000,0x00000000e4a80000)
 ParOldGen       total 175104K, used 0K [0x00000000a0000000, 0x00000000aab00000, 0x00000000e0000000)
  object space 175104K, 0% used [0x00000000a0000000,0x00000000a0000000,0x00000000aab00000)
 Metaspace       used 10518K, capacity 10804K, committed 11008K, reserved 1058816K
  class space    used 1368K, capacity 1490K, committed 1536K, reserved 1048576K
Event: 3.962 GC heap after
Heap after GC invocations=1 (full 0):
 PSYoungGen      total 76288K, used 7921K [0x00000000e0000000, 0x00000000e5500000, 0x0000000100000000)
  eden space 65536K, 0% used [0x00000000e0000000,0x00000000e0000000,0x00000000e4000000)
  from space 10752K, 73% used [0x00000000e4000000,0x00000000e47bc670,0x00000000e4a80000)
  to   space 10752K, 0% used [0x00000000e4a80000,0x00000000e4a80000,0x00000000e5500000)
 ParOldGen       total 175104K, used 16K [0x00000000a0000000, 0x00000000aab00000, 0x00000000e0000000)
  object space 175104K, 0% used [0x00000000a0000000,0x00000000a0004000,0x00000000aab00000)
 Metaspace       used 10518K, capacity 10804K, committed 11008K, reserved 1058816K
  class space    used 1368K, capacity 1490K, committed 1536K, reserved 1048576K
}

Deoptimization events (10 events):
Event: 2.899 Thread 0x000000000521e000 Uncommon trap: reason=bimorphic action=maybe_recompile pc=0x000000000565f44c method=java.util.HashMap.putVal(ILjava/lang/Object;Ljava/lang/Object;ZZ)Ljava/lang/Object; @ 203
Event: 3.273 Thread 0x000000000521e000 Uncommon trap: reason=unstable_if action=reinterpret pc=0x00000000055d15d4 method=java.io.WinNTFileSystem.normalize(Ljava/lang/String;)Ljava/lang/String; @ 128
Event: 3.273 Thread 0x000000000521e000 Uncommon trap: reason=unstable_if action=reinterpret pc=0x0000000005621100 method=java.io.WinNTFileSystem.normalize(Ljava/lang/String;II)Ljava/lang/String; @ 90
Event: 4.111 Thread 0x000000001d916800 Uncommon trap: reason=unstable_if action=reinterpret pc=0x000000000572d8ac method=java.util.concurrent.ConcurrentHashMap.putVal(Ljava/lang/Object;Ljava/lang/Object;Z)Ljava/lang/Object; @ 206
Event: 4.208 Thread 0x000000001d94c800 Uncommon trap: reason=bimorphic action=maybe_recompile pc=0x000000000565ed90 method=java.util.HashMap.putVal(ILjava/lang/Object;Ljava/lang/Object;ZZ)Ljava/lang/Object; @ 253
Event: 4.208 Thread 0x000000001d94c800 Uncommon trap: reason=bimorphic action=maybe_recompile pc=0x000000000565ed90 method=java.util.HashMap.putVal(ILjava/lang/Object;Ljava/lang/Object;ZZ)Ljava/lang/Object; @ 253
Event: 4.208 Thread 0x000000001d94c800 Uncommon trap: reason=bimorphic action=maybe_recompile pc=0x000000000565ed90 method=java.util.HashMap.putVal(ILjava/lang/Object;Ljava/lang/Object;ZZ)Ljava/lang/Object; @ 253
Event: 4.669 Thread 0x000000001d94c800 Uncommon trap: reason=class_check action=maybe_recompile pc=0x00000000055ce344 method=java.util.regex.Matcher.match(II)Z @ 86
Event: 4.671 Thread 0x000000001d94c800 Uncommon trap: reason=class_check action=maybe_recompile pc=0x00000000055ce344 method=java.util.regex.Matcher.match(II)Z @ 86
Event: 4.754 Thread 0x000000001d94c800 Uncommon trap: reason=class_check action=maybe_recompile pc=0x00000000055a32dc method=java.util.regex.Matcher.match(II)Z @ 86

Classes redefined (0 events):
No events

Internal exceptions (10 events):
Event: 4.120 Thread 0x000000001d916800 Exception <a 'java/lang/NoSuchMethodError': <clinit>> (0x00000000e0777208) thrown at [D:\src\AOSP-openjdk-cygwin\jdk8u\hotspot\src\share\vm\prims\jni.cpp, line 1613]
Event: 4.121 Thread 0x000000001d916800 Exception <a 'java/lang/NoSuchMethodError': <clinit>> (0x00000000e0781848) thrown at [D:\src\AOSP-openjdk-cygwin\jdk8u\hotspot\src\share\vm\prims\jni.cpp, line 1613]
Event: 4.129 Thread 0x000000001d916800 Exception <a 'java/lang/NoSuchMethodError': <clinit>> (0x00000000e07e9ad0) thrown at [D:\src\AOSP-openjdk-cygwin\jdk8u\hotspot\src\share\vm\prims\jni.cpp, line 1613]
Event: 4.133 Thread 0x000000001d916800 Exception <a 'java/lang/NoSuchMethodError': <clinit>> (0x00000000e0819920) thrown at [D:\src\AOSP-openjdk-cygwin\jdk8u\hotspot\src\share\vm\prims\jni.cpp, line 1613]
Event: 4.138 Thread 0x000000001d916800 Exception <a 'java/lang/NoSuchMethodError': <clinit>> (0x00000000e0852e68) thrown at [D:\src\AOSP-openjdk-cygwin\jdk8u\hotspot\src\share\vm\prims\jni.cpp, line 1613]
Event: 4.140 Thread 0x000000001d916800 Exception <a 'java/lang/NoSuchMethodError': <clinit>> (0x00000000e085e208) thrown at [D:\src\AOSP-openjdk-cygwin\jdk8u\hotspot\src\share\vm\prims\jni.cpp, line 1613]
Event: 4.147 Thread 0x000000001d916800 Exception <a 'java/lang/NoSuchMethodError': <clinit>> (0x00000000e0869ab0) thrown at [D:\src\AOSP-openjdk-cygwin\jdk8u\hotspot\src\share\vm\prims\jni.cpp, line 1613]
Event: 4.151 Thread 0x000000001d916800 Exception <a 'java/lang/NoSuchMethodError': <clinit>> (0x00000000e088e948) thrown at [D:\src\AOSP-openjdk-cygwin\jdk8u\hotspot\src\share\vm\prims\jni.cpp, line 1613]
Event: 4.199 Thread 0x000000001d94c800 Exception <a 'java/lang/NoSuchMethodError': <clinit>> (0x00000000e099d3d0) thrown at [D:\src\AOSP-openjdk-cygwin\jdk8u\hotspot\src\share\vm\prims\jni.cpp, line 1613]
Event: 4.199 Thread 0x000000001d94c800 Exception <a 'java/lang/NoSuchMethodError': <clinit>> (0x00000000e09a57e8) thrown at [D:\src\AOSP-openjdk-cygwin\jdk8u\hotspot\src\share\vm\prims\jni.cpp, line 1613]

Events (10 events):
Event: 4.768 loading class org/gradle/cache/internal/DefaultCacheAccess$5
Event: 4.768 loading class org/gradle/cache/internal/DefaultCacheAccess$5 done
Event: 4.768 loading class org/gradle/cache/internal/LockOnDemandCrossProcessCacheAccess$UnlockAction
Event: 4.768 loading class org/gradle/cache/internal/LockOnDemandCrossProcessCacheAccess$UnlockAction done
Event: 4.768 loading class org/gradle/cache/internal/LockOnDemandCrossProcessCacheAccess$ContendedAction
Event: 4.768 loading class org/gradle/cache/internal/LockOnDemandCrossProcessCacheAccess$ContendedAction done
Event: 4.769 loading class org/gradle/cache/internal/cacheops/CacheOperationStack
Event: 4.769 loading class org/gradle/cache/internal/cacheops/CacheOperationStack done
Event: 4.769 loading class org/gradle/cache/internal/DefaultCacheFactory$DirCacheReference
Event: 4.769 loading class org/gradle/cache/internal/DefaultCacheFactory$DirCacheReference done


Dynamic libraries:
0x00007ff7d3620000 - 0x00007ff7d3651000 	C:\android\Android Studio\jre\bin\java.exe
0x00007ffc09e00000 - 0x00007ffc09fe0000 	C:\WINDOWS\SYSTEM32\ntdll.dll
0x00007ffc08860000 - 0x00007ffc0890e000 	C:\WINDOWS\System32\KERNEL32.DLL
0x00007ffc06c70000 - 0x00007ffc06ed6000 	C:\WINDOWS\System32\KERNELBASE.dll
0x00007ffc08910000 - 0x00007ffc089b1000 	C:\WINDOWS\System32\ADVAPI32.dll
0x00007ffc098a0000 - 0x00007ffc0993d000 	C:\WINDOWS\System32\msvcrt.dll
0x00007ffc09b70000 - 0x00007ffc09bcb000 	C:\WINDOWS\System32\sechost.dll
0x00007ffc07300000 - 0x00007ffc0741f000 	C:\WINDOWS\System32\RPCRT4.dll
0x00007ffc09060000 - 0x00007ffc091ef000 	C:\WINDOWS\System32\USER32.dll
0x00007ffc06ff0000 - 0x00007ffc07010000 	C:\WINDOWS\System32\win32u.dll
0x00007ffc091f0000 - 0x00007ffc09218000 	C:\WINDOWS\System32\GDI32.dll
0x00007ffc06200000 - 0x00007ffc06393000 	C:\WINDOWS\System32\gdi32full.dll
0x00007ffc071e0000 - 0x00007ffc0727b000 	C:\WINDOWS\System32\msvcp_win.dll
0x00007ffc06af0000 - 0x00007ffc06be5000 	C:\WINDOWS\System32\ucrtbase.dll
0x00007ffbf7a60000 - 0x00007ffbf7cc9000 	C:\WINDOWS\WinSxS\amd64_microsoft.windows.common-controls_6595b64144ccf1df_6.0.16299.666_none_15ccd8c093611867\COMCTL32.dll
0x00007ffc08c00000 - 0x00007ffc08f07000 	C:\WINDOWS\System32\combase.dll
0x00007ffc06bf0000 - 0x00007ffc06c62000 	C:\WINDOWS\System32\bcryptPrimitives.dll
0x00007ffc089c0000 - 0x00007ffc089ed000 	C:\WINDOWS\System32\IMM32.DLL
0x00007ffc060e0000 - 0x00007ffc0614e000 	C:\WINDOWS\System32\dtrampo.dll
0x0000000056060000 - 0x0000000056132000 	C:\android\Android Studio\jre\jre\bin\msvcr100.dll
0x0000000056ea0000 - 0x00000000576e1000 	C:\android\Android Studio\jre\jre\bin\server\jvm.dll
0x00007ffc09670000 - 0x00007ffc09678000 	C:\WINDOWS\System32\PSAPI.DLL
0x00007ffbea6b0000 - 0x00007ffbea6b9000 	C:\WINDOWS\SYSTEM32\WSOCK32.dll
0x00007ffc099f0000 - 0x00007ffc09a5c000 	C:\WINDOWS\System32\WS2_32.dll
0x00007ffc03190000 - 0x00007ffc031b3000 	C:\WINDOWS\SYSTEM32\WINMM.dll
0x00007ffbff7f0000 - 0x00007ffbff7fa000 	C:\WINDOWS\SYSTEM32\VERSION.dll
0x00007ffc03130000 - 0x00007ffc0315a000 	C:\WINDOWS\SYSTEM32\WINMMBASE.dll
0x00007ffc07280000 - 0x00007ffc072ca000 	C:\WINDOWS\System32\cfgmgr32.dll
0x00007ffbd6230000 - 0x00007ffbd623f000 	C:\android\Android Studio\jre\jre\bin\verify.dll
0x00007ffbd4d30000 - 0x00007ffbd4d59000 	C:\android\Android Studio\jre\jre\bin\java.dll
0x00007ffbd4cd0000 - 0x00007ffbd4ce6000 	C:\android\Android Studio\jre\jre\bin\zip.dll
0x000000001a080000 - 0x000000001b4b8000 	C:\WINDOWS\System32\SHELL32.dll
0x00007ffc09940000 - 0x00007ffc099e6000 	C:\WINDOWS\System32\shcore.dll
0x000000001b4c0000 - 0x000000001bc07000 	C:\WINDOWS\System32\windows.storage.dll
0x00007ffc09680000 - 0x00007ffc096d1000 	C:\WINDOWS\System32\shlwapi.dll
0x00007ffc061e0000 - 0x00007ffc061f1000 	C:\WINDOWS\System32\kernel.appcore.dll
0x00007ffc06190000 - 0x00007ffc061dc000 	C:\WINDOWS\System32\powrprof.dll
0x00007ffc06150000 - 0x00007ffc0616b000 	C:\WINDOWS\System32\profapi.dll
0x00007ffbcbd70000 - 0x00007ffbcbd8a000 	C:\android\Android Studio\jre\jre\bin\net.dll
0x00007ffc058f0000 - 0x00007ffc05956000 	C:\WINDOWS\system32\mswsock.dll
0x00007ffbc7d60000 - 0x00007ffbc7d71000 	C:\android\Android Studio\jre\jre\bin\nio.dll
0x00007ffbefba0000 - 0x00007ffbefbbe000 	C:\Users\10483\.gradle\native\25\windows-amd64\native-platform.dll
0x00007ffbcd940000 - 0x00007ffbcd94d000 	C:\android\Android Studio\jre\jre\bin\management.dll
0x00007ffc05ab0000 - 0x00007ffc05ac7000 	C:\WINDOWS\SYSTEM32\CRYPTSP.dll
0x00007ffc054f0000 - 0x00007ffc05523000 	C:\WINDOWS\system32\rsaenh.dll
0x00007ffc05bc0000 - 0x00007ffc05be5000 	C:\WINDOWS\SYSTEM32\bcrypt.dll
0x00007ffc06010000 - 0x00007ffc06039000 	C:\WINDOWS\SYSTEM32\USERENV.dll
0x00007ffc05ad0000 - 0x00007ffc05adb000 	C:\WINDOWS\SYSTEM32\CRYPTBASE.dll
0x00007ffc05680000 - 0x00007ffc056b9000 	C:\WINDOWS\SYSTEM32\IPHLPAPI.DLL
0x00007ffc096e0000 - 0x00007ffc096e8000 	C:\WINDOWS\System32\NSI.dll
0x00007ffc015f0000 - 0x00007ffc01606000 	C:\WINDOWS\SYSTEM32\dhcpcsvc6.DLL
0x00007ffc015d0000 - 0x00007ffc015ea000 	C:\WINDOWS\SYSTEM32\dhcpcsvc.DLL

VM Arguments:
jvm_args: -Xmx1536m -Dfile.encoding=GBK -Duser.country=CN -Duser.language=zh -Duser.variant 
java_command: org.gradle.launcher.daemon.bootstrap.GradleDaemon 4.6
java_class_path (initial): C:\Users\10483\.gradle\wrapper\dists\gradle-4.6-all\bcst21l2brirad8k2ben1letg\gradle-4.6\lib\gradle-launcher-4.6.jar
Launcher Type: SUN_STANDARD

Environment Variables:
JAVA_HOME=C:\jdk
PATH=C:\Program Files (x86)\Common Files\Oracle\Java\javapath;C:\ProgramData\Oracle\Java\javapath;C:\windows\system32;C:\windows;C:\windows\System32\Wbem;C:\windows\System32\WindowsPowerShell\v1.0\;C:\java\bin;C:\WINDOWS\system32;C:\WINDOWS;C:\WINDOWS\System32\Wbem;C:\WINDOWS\System32\WindowsPowerShell\v1.0\;C:\Python27;C:\Python27\Scripts;C:\Python27\Lib\site-packages\nmap;C:\Python27\Lib\site-packages\django\bin;C:\Program Files\MySQL\MySQL Utilities 1.6\;C:\Program Files\Microsoft SQL Server\Client SDK\ODBC\110\Tools\Binn\;C:\Program Files (x86)\Microsoft SQL Server\120\Tools\Binn\;C:\Program Files\Microsoft SQL Server\120\Tools\Binn\;C:\Program Files\Microsoft SQL Server\120\DTS\Binn\;C:\Program Files (x86)\Windows Kits\8.1\Windows Performance Toolkit\;C:\Apache-Subversion-1.9.5\bin;C:\android\sdk\platform-tools;C:\Program Files (x86)\NVIDIA Corporation\PhysX\Common;C:\Program Files\NVIDIA Corporation\NVIDIA NvDLISR;"C:\jdk\bin;C:\jdk\jre\bin";C:\maven\maven\bin\;C:\flutter\bin;C:\Program Files (x86)\Git\bin;C:\Program Files (x86)\Git\mingw64\libexec\git-core;C:\flutter\bin;C:\Program Files\Bandizip\
USERNAME=10483
OS=Windows_NT
PROCESSOR_IDENTIFIER=Intel64 Family 6 Model 158 Stepping 9, GenuineIntel



---------------  S Y S T E M  ---------------

OS: Windows 10.0 , 64 bit Build 16299 (10.0.16299.431)

CPU:total 4 (initial active 4) (4 cores per cpu, 1 threads per core) family 6 model 158 stepping 9, cmov, cx8, fxsr, mmx, sse, sse2, sse3, ssse3, sse4.1, sse4.2, popcnt, avx, avx2, aes, clmul, erms, rtm, 3dnowpref, lzcnt, tsc, tscinvbit, bmi1, bmi2, adx

Memory: 4k page, physical 16667412k(5197496k free), swap 32296380k(4092k free)

vm_info: OpenJDK 64-Bit Server VM (25.152-b01) for windows-amd64 JRE (1.8.0_152-release-1248-b01), built by "builder" with MS VC++ 10.0 (VS2010)

time: Sat Jul 13 14:09:51 2019
elapsed time: 4 seconds (0d 0h 0m 4s)

